<?xml version="1.0" encoding="UTF-8"?>
<!-- Generated by org.testng.reporters.JUnitReportReporter -->
<testsuite hostname="DESKTOP-77MDJU5" failures="0" tests="1" name="javabasics.SmartBuy" time="29.971" errors="0" timestamp="2024-03-15T22:16:44 EET" skipped="0">
  <testcase classname="javabasics.SmartBuy" name="mytest" time="29.971"/>
  <system-out/>
</testsuite> <!-- javabasics.SmartBuy -->
