<?xml version="1.0" encoding="UTF-8"?>
<!-- Generated by org.testng.reporters.JUnitReportReporter -->
<testsuite hostname="DESKTOP-77MDJU5" failures="0" tests="1" name="javabasics.javaClass" time="35.812" errors="0" timestamp="2024-03-12T19:32:31 EET" skipped="0">
  <testcase classname="javabasics.javaClass" name="mytest" time="35.812"/>
  <system-out/>
</testsuite> <!-- javabasics.javaClass -->
